<?xml version="1.0" encoding="UTF-8"?>
<!-- Generated by org.testng.reporters.JUnitXMLReporter -->
<testsuite ignored="0" hostname="N5842" failures="0" tests="3" name="user-mike" time="10.614" errors="0" timestamp="2024-12-25T21:14:02 MYT">
  <testcase classname="testCases.vendorPortal.VendorPortalTest" name="loginTest" time="1.122"/>
  <testcase classname="testCases.vendorPortal.VendorPortalTest" name="dashboardTest" time="3.175"/>
  <testcase classname="testCases.vendorPortal.VendorPortalTest" name="logoutTest" time="1.162"/>
</testsuite> <!-- user-mike -->
