<?xml version="1.0" encoding="UTF-8"?>
<!-- Generated by org.testng.reporters.JUnitXMLReporter -->
<testsuite ignored="0" hostname="N5842" failures="0" tests="3" name="user-john" time="12.085" errors="0" timestamp="2024-12-25T21:14:03 MYT">
  <testcase classname="testCases.vendorPortal.VendorPortalTest" name="loginTest" time="1.143"/>
  <testcase classname="testCases.vendorPortal.VendorPortalTest" name="dashboardTest" time="4.238"/>
  <testcase classname="testCases.vendorPortal.VendorPortalTest" name="logoutTest" time="1.602"/>
</testsuite> <!-- user-john -->
