<?xml version="1.0" encoding="UTF-8"?>
<testng-results ignored="0" total="9" passed="9" failed="0" skipped="0">
  <reporter-output>
  </reporter-output>
  <suite started-at="2024-12-25T14:03:50 GMT" name="vendor-portal" finished-at="2024-12-25T14:04:07 GMT" duration-ms="16986">
    <groups>
    </groups>
    <test started-at="2024-12-25T14:03:50 GMT" name="user-john" finished-at="2024-12-25T14:04:06 GMT" duration-ms="15771">
      <class name="testCases.vendorPortal.VendorPortalTest">
        <test-method is-config="true" signature="setupConfig()[pri:0, instance:testCases.vendorPortal.VendorPortalTest@10f7f7de]" started-at="2024-12-25T14:03:50 GMT" name="setupConfig" finished-at="2024-12-25T14:03:50 GMT" duration-ms="29" status="PASS">
          <reporter-output>
          </reporter-output>
        </test-method> <!-- setupConfig -->
        <test-method is-config="true" signature="setDriver(org.testng.ITestContext)[pri:0, instance:testCases.vendorPortal.VendorPortalTest@10f7f7de]" started-at="2024-12-25T14:03:50 GMT" name="setDriver" finished-at="2024-12-25T14:03:55 GMT" duration-ms="4801" status="PASS">
          <params>
            <param index="0">
              <value>
                <![CDATA[org.testng.TestRunner@c9d0d6]]>
              </value>
            </param>
          </params>
          <reporter-output>
          </reporter-output>
        </test-method> <!-- setDriver -->
        <test-method is-config="true" signature="setPageObjects(java.lang.String)[pri:0, instance:testCases.vendorPortal.VendorPortalTest@10f7f7de]" started-at="2024-12-25T14:03:55 GMT" name="setPageObjects" finished-at="2024-12-25T14:03:55 GMT" depends-on-methods="testCases.BaseTest.setDriver" duration-ms="329" status="PASS">
          <params>
            <param index="0">
              <value>
                <![CDATA[test-data/vendor-portal/john.json]]>
              </value>
            </param>
          </params>
          <reporter-output>
          </reporter-output>
        </test-method> <!-- setPageObjects -->
        <test-method signature="loginTest()[pri:0, instance:testCases.vendorPortal.VendorPortalTest@10f7f7de]" started-at="2024-12-25T14:03:55 GMT" name="loginTest" finished-at="2024-12-25T14:03:57 GMT" duration-ms="1835" status="PASS">
          <reporter-output>
          </reporter-output>
        </test-method> <!-- loginTest -->
        <test-method signature="dashboardTest()[pri:0, instance:testCases.vendorPortal.VendorPortalTest@10f7f7de]" started-at="2024-12-25T14:03:57 GMT" name="dashboardTest" finished-at="2024-12-25T14:04:01 GMT" depends-on-methods="testCases.vendorPortal.VendorPortalTest.loginTest" duration-ms="4221" status="PASS">
          <reporter-output>
          </reporter-output>
        </test-method> <!-- dashboardTest -->
        <test-method signature="logoutTest()[pri:0, instance:testCases.vendorPortal.VendorPortalTest@10f7f7de]" started-at="2024-12-25T14:04:01 GMT" name="logoutTest" finished-at="2024-12-25T14:04:05 GMT" depends-on-methods="testCases.vendorPortal.VendorPortalTest.dashboardTest" duration-ms="4089" status="PASS">
          <reporter-output>
          </reporter-output>
        </test-method> <!-- logoutTest -->
        <test-method is-config="true" signature="quitDriver()[pri:0, instance:testCases.vendorPortal.VendorPortalTest@10f7f7de]" started-at="2024-12-25T14:04:05 GMT" name="quitDriver" finished-at="2024-12-25T14:04:06 GMT" duration-ms="458" status="PASS">
          <reporter-output>
          </reporter-output>
        </test-method> <!-- quitDriver -->
      </class> <!-- testCases.vendorPortal.VendorPortalTest -->
    </test> <!-- user-john -->
    <test started-at="2024-12-25T14:03:50 GMT" name="user-sam" finished-at="2024-12-25T14:04:06 GMT" duration-ms="16224">
      <class name="testCases.vendorPortal.VendorPortalTest">
        <test-method is-config="true" signature="setDriver(org.testng.ITestContext)[pri:0, instance:testCases.vendorPortal.VendorPortalTest@1ef6d34c]" started-at="2024-12-25T14:03:50 GMT" name="setDriver" finished-at="2024-12-25T14:03:55 GMT" duration-ms="4820" status="PASS">
          <params>
            <param index="0">
              <value>
                <![CDATA[org.testng.TestRunner@66c61024]]>
              </value>
            </param>
          </params>
          <reporter-output>
          </reporter-output>
        </test-method> <!-- setDriver -->
        <test-method is-config="true" signature="setPageObjects(java.lang.String)[pri:0, instance:testCases.vendorPortal.VendorPortalTest@1ef6d34c]" started-at="2024-12-25T14:03:55 GMT" name="setPageObjects" finished-at="2024-12-25T14:03:55 GMT" depends-on-methods="testCases.BaseTest.setDriver" duration-ms="329" status="PASS">
          <params>
            <param index="0">
              <value>
                <![CDATA[test-data/vendor-portal/sam.json]]>
              </value>
            </param>
          </params>
          <reporter-output>
          </reporter-output>
        </test-method> <!-- setPageObjects -->
        <test-method signature="loginTest()[pri:0, instance:testCases.vendorPortal.VendorPortalTest@1ef6d34c]" started-at="2024-12-25T14:03:55 GMT" name="loginTest" finished-at="2024-12-25T14:03:57 GMT" duration-ms="1908" status="PASS">
          <reporter-output>
          </reporter-output>
        </test-method> <!-- loginTest -->
        <test-method signature="dashboardTest()[pri:0, instance:testCases.vendorPortal.VendorPortalTest@1ef6d34c]" started-at="2024-12-25T14:03:57 GMT" name="dashboardTest" finished-at="2024-12-25T14:04:01 GMT" depends-on-methods="testCases.vendorPortal.VendorPortalTest.loginTest" duration-ms="4240" status="PASS">
          <reporter-output>
          </reporter-output>
        </test-method> <!-- dashboardTest -->
        <test-method signature="logoutTest()[pri:0, instance:testCases.vendorPortal.VendorPortalTest@1ef6d34c]" started-at="2024-12-25T14:04:01 GMT" name="logoutTest" finished-at="2024-12-25T14:04:06 GMT" depends-on-methods="testCases.vendorPortal.VendorPortalTest.dashboardTest" duration-ms="4677" status="PASS">
          <reporter-output>
          </reporter-output>
        </test-method> <!-- logoutTest -->
        <test-method is-config="true" signature="quitDriver()[pri:0, instance:testCases.vendorPortal.VendorPortalTest@1ef6d34c]" started-at="2024-12-25T14:04:06 GMT" name="quitDriver" finished-at="2024-12-25T14:04:06 GMT" duration-ms="212" status="PASS">
          <reporter-output>
          </reporter-output>
        </test-method> <!-- quitDriver -->
      </class> <!-- testCases.vendorPortal.VendorPortalTest -->
    </test> <!-- user-sam -->
    <test started-at="2024-12-25T14:03:50 GMT" name="user-mike" finished-at="2024-12-25T14:04:07 GMT" duration-ms="16972">
      <class name="testCases.vendorPortal.VendorPortalTest">
        <test-method is-config="true" signature="setDriver(org.testng.ITestContext)[pri:0, instance:testCases.vendorPortal.VendorPortalTest@1b45c0e]" started-at="2024-12-25T14:03:50 GMT" name="setDriver" finished-at="2024-12-25T14:03:55 GMT" duration-ms="4815" status="PASS">
          <params>
            <param index="0">
              <value>
                <![CDATA[org.testng.TestRunner@61fe30]]>
              </value>
            </param>
          </params>
          <reporter-output>
          </reporter-output>
        </test-method> <!-- setDriver -->
        <test-method is-config="true" signature="setPageObjects(java.lang.String)[pri:0, instance:testCases.vendorPortal.VendorPortalTest@1b45c0e]" started-at="2024-12-25T14:03:55 GMT" name="setPageObjects" finished-at="2024-12-25T14:03:55 GMT" depends-on-methods="testCases.BaseTest.setDriver" duration-ms="327" status="PASS">
          <params>
            <param index="0">
              <value>
                <![CDATA[test-data/vendor-portal/mike.json]]>
              </value>
            </param>
          </params>
          <reporter-output>
          </reporter-output>
        </test-method> <!-- setPageObjects -->
        <test-method signature="loginTest()[pri:0, instance:testCases.vendorPortal.VendorPortalTest@1b45c0e]" started-at="2024-12-25T14:03:55 GMT" name="loginTest" finished-at="2024-12-25T14:03:57 GMT" duration-ms="2062" status="PASS">
          <reporter-output>
          </reporter-output>
        </test-method> <!-- loginTest -->
        <test-method signature="dashboardTest()[pri:0, instance:testCases.vendorPortal.VendorPortalTest@1b45c0e]" started-at="2024-12-25T14:03:57 GMT" name="dashboardTest" finished-at="2024-12-25T14:04:03 GMT" depends-on-methods="testCases.vendorPortal.VendorPortalTest.loginTest" duration-ms="5756" status="PASS">
          <reporter-output>
          </reporter-output>
        </test-method> <!-- dashboardTest -->
        <test-method signature="logoutTest()[pri:0, instance:testCases.vendorPortal.VendorPortalTest@1b45c0e]" started-at="2024-12-25T14:04:03 GMT" name="logoutTest" finished-at="2024-12-25T14:04:07 GMT" depends-on-methods="testCases.vendorPortal.VendorPortalTest.dashboardTest" duration-ms="3806" status="PASS">
          <reporter-output>
          </reporter-output>
        </test-method> <!-- logoutTest -->
        <test-method is-config="true" signature="quitDriver()[pri:0, instance:testCases.vendorPortal.VendorPortalTest@1b45c0e]" started-at="2024-12-25T14:04:07 GMT" name="quitDriver" finished-at="2024-12-25T14:04:07 GMT" duration-ms="176" status="PASS">
          <reporter-output>
          </reporter-output>
        </test-method> <!-- quitDriver -->
      </class> <!-- testCases.vendorPortal.VendorPortalTest -->
    </test> <!-- user-mike -->
  </suite> <!-- vendor-portal -->
</testng-results>
