<?xml version="1.0" encoding="UTF-8"?>
<testng-results ignored="0" total="9" passed="9" failed="0" skipped="0">
  <reporter-output>
  </reporter-output>
  <suite started-at="2024-12-25T21:13:51 MYT" name="vendor-portal" finished-at="2024-12-25T21:14:03 MYT" duration-ms="12085">
    <groups>
    </groups>
    <test started-at="2024-12-25T21:13:51 MYT" name="user-sam" finished-at="2024-12-25T21:14:01 MYT" duration-ms="9706">
      <class name="testCases.vendorPortal.VendorPortalTest">
        <test-method is-config="true" signature="setDriver(org.testng.ITestContext)[pri:0, instance:testCases.vendorPortal.VendorPortalTest@479cbee5]" started-at="2024-12-25T21:13:51 MYT" name="setDriver" finished-at="2024-12-25T21:13:55 MYT" duration-ms="4298" status="PASS">
          <params>
            <param index="0">
              <value>
                <![CDATA[org.testng.TestRunner@3e6104fc]]>
              </value>
            </param>
          </params>
          <reporter-output>
          </reporter-output>
        </test-method> <!-- setDriver -->
        <test-method is-config="true" signature="setPageObjects(java.lang.String)[pri:0, instance:testCases.vendorPortal.VendorPortalTest@479cbee5]" started-at="2024-12-25T21:13:55 MYT" name="setPageObjects" finished-at="2024-12-25T21:13:56 MYT" depends-on-methods="testCases.BaseTest.setDriver" duration-ms="539" status="PASS">
          <params>
            <param index="0">
              <value>
                <![CDATA[test-data/vendor-portal/sam.json]]>
              </value>
            </param>
          </params>
          <reporter-output>
          </reporter-output>
        </test-method> <!-- setPageObjects -->
        <test-method signature="loginTest()[pri:0, instance:testCases.vendorPortal.VendorPortalTest@479cbee5]" started-at="2024-12-25T21:13:56 MYT" name="loginTest" finished-at="2024-12-25T21:13:57 MYT" duration-ms="1103" status="PASS">
          <reporter-output>
          </reporter-output>
        </test-method> <!-- loginTest -->
        <test-method signature="dashboardTest()[pri:0, instance:testCases.vendorPortal.VendorPortalTest@479cbee5]" started-at="2024-12-25T21:13:57 MYT" name="dashboardTest" finished-at="2024-12-25T21:13:59 MYT" depends-on-methods="testCases.vendorPortal.VendorPortalTest.loginTest" duration-ms="2214" status="PASS">
          <reporter-output>
          </reporter-output>
        </test-method> <!-- dashboardTest -->
        <test-method signature="logoutTest()[pri:0, instance:testCases.vendorPortal.VendorPortalTest@479cbee5]" started-at="2024-12-25T21:13:59 MYT" name="logoutTest" finished-at="2024-12-25T21:14:00 MYT" depends-on-methods="testCases.vendorPortal.VendorPortalTest.dashboardTest" duration-ms="1202" status="PASS">
          <reporter-output>
          </reporter-output>
        </test-method> <!-- logoutTest -->
        <test-method is-config="true" signature="quitDriver()[pri:0, instance:testCases.vendorPortal.VendorPortalTest@479cbee5]" started-at="2024-12-25T21:14:00 MYT" name="quitDriver" finished-at="2024-12-25T21:14:01 MYT" duration-ms="273" status="PASS">
          <reporter-output>
          </reporter-output>
        </test-method> <!-- quitDriver -->
      </class> <!-- testCases.vendorPortal.VendorPortalTest -->
    </test> <!-- user-sam -->
    <test started-at="2024-12-25T21:13:51 MYT" name="user-mike" finished-at="2024-12-25T21:14:02 MYT" duration-ms="10614">
      <class name="testCases.vendorPortal.VendorPortalTest">
        <test-method is-config="true" signature="setDriver(org.testng.ITestContext)[pri:0, instance:testCases.vendorPortal.VendorPortalTest@4f74980d]" started-at="2024-12-25T21:13:51 MYT" name="setDriver" finished-at="2024-12-25T21:13:55 MYT" duration-ms="4297" status="PASS">
          <params>
            <param index="0">
              <value>
                <![CDATA[org.testng.TestRunner@12359a82]]>
              </value>
            </param>
          </params>
          <reporter-output>
          </reporter-output>
        </test-method> <!-- setDriver -->
        <test-method is-config="true" signature="setPageObjects(java.lang.String)[pri:0, instance:testCases.vendorPortal.VendorPortalTest@4f74980d]" started-at="2024-12-25T21:13:55 MYT" name="setPageObjects" finished-at="2024-12-25T21:13:56 MYT" depends-on-methods="testCases.BaseTest.setDriver" duration-ms="539" status="PASS">
          <params>
            <param index="0">
              <value>
                <![CDATA[test-data/vendor-portal/mike.json]]>
              </value>
            </param>
          </params>
          <reporter-output>
          </reporter-output>
        </test-method> <!-- setPageObjects -->
        <test-method signature="loginTest()[pri:0, instance:testCases.vendorPortal.VendorPortalTest@4f74980d]" started-at="2024-12-25T21:13:56 MYT" name="loginTest" finished-at="2024-12-25T21:13:57 MYT" duration-ms="1122" status="PASS">
          <reporter-output>
          </reporter-output>
        </test-method> <!-- loginTest -->
        <test-method signature="dashboardTest()[pri:0, instance:testCases.vendorPortal.VendorPortalTest@4f74980d]" started-at="2024-12-25T21:13:57 MYT" name="dashboardTest" finished-at="2024-12-25T21:14:00 MYT" depends-on-methods="testCases.vendorPortal.VendorPortalTest.loginTest" duration-ms="3175" status="PASS">
          <reporter-output>
          </reporter-output>
        </test-method> <!-- dashboardTest -->
        <test-method signature="logoutTest()[pri:0, instance:testCases.vendorPortal.VendorPortalTest@4f74980d]" started-at="2024-12-25T21:14:00 MYT" name="logoutTest" finished-at="2024-12-25T21:14:01 MYT" depends-on-methods="testCases.vendorPortal.VendorPortalTest.dashboardTest" duration-ms="1162" status="PASS">
          <reporter-output>
          </reporter-output>
        </test-method> <!-- logoutTest -->
        <test-method is-config="true" signature="quitDriver()[pri:0, instance:testCases.vendorPortal.VendorPortalTest@4f74980d]" started-at="2024-12-25T21:14:01 MYT" name="quitDriver" finished-at="2024-12-25T21:14:02 MYT" duration-ms="254" status="PASS">
          <reporter-output>
          </reporter-output>
        </test-method> <!-- quitDriver -->
      </class> <!-- testCases.vendorPortal.VendorPortalTest -->
    </test> <!-- user-mike -->
    <test started-at="2024-12-25T21:13:51 MYT" name="user-john" finished-at="2024-12-25T21:14:03 MYT" duration-ms="12085">
      <class name="testCases.vendorPortal.VendorPortalTest">
        <test-method is-config="true" signature="setupConfig()[pri:0, instance:testCases.vendorPortal.VendorPortalTest@58594a11]" started-at="2024-12-25T21:13:51 MYT" name="setupConfig" finished-at="2024-12-25T21:13:51 MYT" duration-ms="25" status="PASS">
          <reporter-output>
          </reporter-output>
        </test-method> <!-- setupConfig -->
        <test-method is-config="true" signature="setDriver(org.testng.ITestContext)[pri:0, instance:testCases.vendorPortal.VendorPortalTest@58594a11]" started-at="2024-12-25T21:13:51 MYT" name="setDriver" finished-at="2024-12-25T21:13:55 MYT" duration-ms="4297" status="PASS">
          <params>
            <param index="0">
              <value>
                <![CDATA[org.testng.TestRunner@68df9280]]>
              </value>
            </param>
          </params>
          <reporter-output>
          </reporter-output>
        </test-method> <!-- setDriver -->
        <test-method is-config="true" signature="setPageObjects(java.lang.String)[pri:0, instance:testCases.vendorPortal.VendorPortalTest@58594a11]" started-at="2024-12-25T21:13:55 MYT" name="setPageObjects" finished-at="2024-12-25T21:13:56 MYT" depends-on-methods="testCases.BaseTest.setDriver" duration-ms="542" status="PASS">
          <params>
            <param index="0">
              <value>
                <![CDATA[test-data/vendor-portal/john.json]]>
              </value>
            </param>
          </params>
          <reporter-output>
          </reporter-output>
        </test-method> <!-- setPageObjects -->
        <test-method signature="loginTest()[pri:0, instance:testCases.vendorPortal.VendorPortalTest@58594a11]" started-at="2024-12-25T21:13:56 MYT" name="loginTest" finished-at="2024-12-25T21:13:57 MYT" duration-ms="1143" status="PASS">
          <reporter-output>
          </reporter-output>
        </test-method> <!-- loginTest -->
        <test-method signature="dashboardTest()[pri:0, instance:testCases.vendorPortal.VendorPortalTest@58594a11]" started-at="2024-12-25T21:13:57 MYT" name="dashboardTest" finished-at="2024-12-25T21:14:01 MYT" depends-on-methods="testCases.vendorPortal.VendorPortalTest.loginTest" duration-ms="4238" status="PASS">
          <reporter-output>
          </reporter-output>
        </test-method> <!-- dashboardTest -->
        <test-method signature="logoutTest()[pri:0, instance:testCases.vendorPortal.VendorPortalTest@58594a11]" started-at="2024-12-25T21:14:01 MYT" name="logoutTest" finished-at="2024-12-25T21:14:03 MYT" depends-on-methods="testCases.vendorPortal.VendorPortalTest.dashboardTest" duration-ms="1602" status="PASS">
          <reporter-output>
          </reporter-output>
        </test-method> <!-- logoutTest -->
        <test-method is-config="true" signature="quitDriver()[pri:0, instance:testCases.vendorPortal.VendorPortalTest@58594a11]" started-at="2024-12-25T21:14:03 MYT" name="quitDriver" finished-at="2024-12-25T21:14:03 MYT" duration-ms="198" status="PASS">
          <reporter-output>
          </reporter-output>
        </test-method> <!-- quitDriver -->
      </class> <!-- testCases.vendorPortal.VendorPortalTest -->
    </test> <!-- user-john -->
  </suite> <!-- vendor-portal -->
</testng-results>
